<?xml version="1.0" encoding="UTF-8"?>
<!-- Generated by org.testng.reporters.JUnitReportReporter -->
<testsuite hostname="EC2AMAZ-S11DBRH" failures="1" tests="2" name="runners.GooglePageRunner" time="13.340" errors="0" timestamp="2023-12-15T07:41:37 GMT" skipped="0">
  <testcase classname="runners.GooglePageRunner" name="runScenario" time="7.255"/>
  <system-out/>
  <testcase classname="runners.GooglePageRunner" name="runScenario" time="6.085">
    <failure message="expected [Selenium Tutorial - Google Search Page] but found [Selenium Tutorial - Google Search]" type="java.lang.AssertionError">
      <![CDATA[java.lang.AssertionError: expected [Selenium Tutorial - Google Search Page] but found [Selenium Tutorial - Google Search]
at org.testng.Assert.fail(Assert.java:99)
at org.testng.Assert.failNotEquals(Assert.java:1037)
at org.testng.Assert.assertEqualsImpl(Assert.java:140)
at org.testng.Assert.assertEquals(Assert.java:122)
at org.testng.Assert.assertEquals(Assert.java:629)
at org.testng.Assert.assertEquals(Assert.java:639)
at stepDefs.GooglePageStepDef.should_display_selenium_result_page(GooglePageStepDef.java:48)
at âœ½.Should Display Selenium Result Page(file:///C:/Users/Administrator/git/BDDSample/BDDSample/BDDSample/src/test/resources/features/GoogleSearch.feature:11)
]]>
    </failure>
  </testcase> <!-- runScenario -->
  <system-out/>
</testsuite> <!-- runners.GooglePageRunner -->
